<?xml version="1.0" encoding="UTF-8" ?>
<testsuite failures="0" time="0.007" errors="0" skipped="0" tests="3" name="org.nrh.DomainTest">
  <properties>
    <property name="java.vendor" value="Sun Microsystems Inc."/>
    <property name="env.SESSION_MANAGER" value="local/nathan-desktop:/tmp/.ICE-unix/6043"/>
    <property name="env.LESSOPEN" value="| /usr/bin/lesspipe %s"/>
    <property name="localRepository" value="/home/nathan/.m2/repository"/>
    <property name="sun.java.launcher" value="SUN_STANDARD"/>
    <property name="sun.management.compiler" value="HotSpot Tiered Compilers"/>
    <property name="env.TERMCAP" value=""/>
    <property name="env.GEM_HOME" value="/var/lib/gems/1.8"/>
    <property name="os.name" value="Linux"/>
    <property name="env.PYTHONPATH" value="/Development/Projects/parrotpy/pypy-dist"/>
    <property name="sun.boot.class.path" value="/usr/lib/jvm/java-6-sun-1.6.0.10/jre/lib/resources.jar:/usr/lib/jvm/java-6-sun-1.6.0.10/jre/lib/rt.jar:/usr/lib/jvm/java-6-sun-1.6.0.10/jre/lib/sunrsasign.jar:/usr/lib/jvm/java-6-sun-1.6.0.10/jre/lib/jsse.jar:/usr/lib/jvm/java-6-sun-1.6.0.10/jre/lib/jce.jar:/usr/lib/jvm/java-6-sun-1.6.0.10/jre/lib/charsets.jar:/usr/lib/jvm/java-6-sun-1.6.0.10/jre/classes"/>
    <property name="env.PWD" value="/Development/Projects/scream"/>
    <property name="env.XDG_SESSION_COOKIE" value="74c24345c66607646a94a51a491ce44f-1230452494.540651-697558361"/>
    <property name="sun.desktop" value="gnome"/>
    <property name="env.LANG" value="en_US.UTF-8"/>
    <property name="java.vm.specification.vendor" value="Sun Microsystems Inc."/>
    <property name="java.runtime.version" value="1.6.0_10-b33"/>
    <property name="env.DISPLAY" value=":0.0"/>
    <property name="user.name" value="nathan"/>
    <property name="env._" value="/usr/bin/mvn"/>
    <property name="env.USER" value="nathan"/>
    <property name="env.HISTCONTROL" value="ignoreboth"/>
    <property name="env.SHELL" value="/bin/bash"/>
    <property name="env.DESKTOP_SESSION" value="default"/>
    <property name="env.XDG_DATA_DIRS" value="/usr/local/share/:/usr/share/:/usr/share/gdm/"/>
    <property name="env.NLSPATH" value="/usr/dt/lib/nls/msg/%L/%N.cat"/>
    <property name="env.PATH" value="/usr/local/sbin:/usr/local/bin:/usr/sbin:/usr/bin:/sbin:/bin:/usr/games:/home/nathan/.cabal/bin:/usr/local/apache2/bin:/var/lib/gems/1.8/bin:/Development/Scripts:/Development/Runtimes/ioke/bin"/>
    <property name="user.language" value="en"/>
    <property name="sun.boot.library.path" value="/usr/lib/jvm/java-6-sun-1.6.0.10/jre/lib/i386"/>
    <property name="classworlds.conf" value="/usr/share/maven2/bin/m2.conf"/>
    <property name="java.version" value="1.6.0_10"/>
    <property name="user.timezone" value="US/Central"/>
    <property name="env.DBUS_SESSION_BUS_ADDRESS" value="unix:abstract=/tmp/dbus-OlcT0Ekeyz,guid=7600283846fc73f5543b4eca4957370f"/>
    <property name="sun.arch.data.model" value="32"/>
    <property name="java.endorsed.dirs" value="/usr/lib/jvm/java-6-sun-1.6.0.10/jre/lib/endorsed"/>
    <property name="sun.cpu.isalist" value=""/>
    <property name="sun.jnu.encoding" value="UTF-8"/>
    <property name="file.encoding.pkg" value="sun.io"/>
    <property name="env.SHLVL" value="1"/>
    <property name="file.separator" value="/"/>
    <property name="java.specification.name" value="Java Platform API Specification"/>
    <property name="env.GNOME_DESKTOP_SESSION_ID" value="this-is-deprecated"/>
    <property name="java.class.version" value="50.0"/>
    <property name="env.GDMSESSION" value="default"/>
    <property name="user.country" value="US"/>
    <property name="env.GNOME_KEYRING_PID" value="6032"/>
    <property name="java.home" value="/usr/lib/jvm/java-6-sun-1.6.0.10/jre"/>
    <property name="java.vm.info" value="mixed mode"/>
    <property name="env.LOGNAME" value="nathan"/>
    <property name="os.version" value="2.6.27-9-generic"/>
    <property name="path.separator" value=":"/>
    <property name="java.vm.version" value="11.0-b15"/>
    <property name="env._WAPI_PROCESS_HANDLE_OFFSET" value="115"/>
    <property name="env.EMACS" value="t"/>
    <property name="java.awt.printerjob" value="sun.print.PSPrinterJob"/>
    <property name="env.TERM" value="dumb"/>
    <property name="env.WINDOWPATH" value="7"/>
    <property name="sun.io.unicode.encoding" value="UnicodeLittle"/>
    <property name="env.DESKTOP_AUTOSTART_ID" value="104b1c6b797c2615da123045249825924400000060430011"/>
    <property name="env.LIBGL_DRIVERS_PATH" value="/usr/lib/dri"/>
    <property name="env.COLUMNS" value="190"/>
    <property name="env.GDM_LANG" value="en_US.UTF-8"/>
    <property name="user.home" value="/home/nathan"/>
    <property name="env.OLDPWD" value="/home/nathan"/>
    <property name="java.specification.vendor" value="Sun Microsystems Inc."/>
    <property name="java.library.path" value="/usr/lib/jvm/java-6-sun-1.6.0.10/jre/lib/i386/server:/usr/lib/jvm/java-6-sun-1.6.0.10/jre/lib/i386:/usr/lib/jvm/java-6-sun-1.6.0.10/jre/../lib/i386:/usr/java/packages/lib/i386:/lib:/usr/lib"/>
    <property name="java.vendor.url" value="http://java.sun.com/"/>
    <property name="env.GDM_XSERVER_LOCATION" value="local"/>
    <property name="java.vm.vendor" value="Sun Microsystems Inc."/>
    <property name="maven.home" value="/usr/share/maven2"/>
    <property name="java.runtime.name" value="Java(TM) SE Runtime Environment"/>
    <property name="java.class.path" value="/usr/share/maven2/boot/classworlds.jar"/>
    <property name="env.XFILESEARCHPATH" value="/usr/dt/app-defaults/%L/Dt"/>
    <property name="java.vm.specification.name" value="Java Virtual Machine Specification"/>
    <property name="java.vm.specification.version" value="1.0"/>
    <property name="sun.os.patch.level" value="unknown"/>
    <property name="sun.cpu.endian" value="little"/>
    <property name="env.GTK_RC_FILES" value="/etc/gtk/gtkrc:/home/nathan/.gtkrc-1.2-gnome2"/>
    <property name="env.HOME" value="/home/nathan"/>
    <property name="surefire.test.class.path" value="/home/nathan/Development/Projects/scream/target/test-classes:/home/nathan/Development/Projects/scream/target/classes:/home/nathan/.m2/repository/org/scala-lang/scala-library/2.7.2/scala-library-2.7.2.jar:/home/nathan/.m2/repository/org/scalatest/scalatest/0.9.3/scalatest-0.9.3.jar:"/>
    <property name="java.io.tmpdir" value="/tmp"/>
    <property name="env.LD_LIBRARY_PATH" value="/usr/lib/jvm/java-6-sun-1.6.0.10/jre/lib/i386/server:/usr/lib/jvm/java-6-sun-1.6.0.10/jre/lib/i386:/usr/lib/jvm/java-6-sun-1.6.0.10/jre/../lib/i386"/>
    <property name="java.vendor.url.bug" value="http://java.sun.com/cgi-bin/bugreport.cgi"/>
    <property name="env.INSIDE_EMACS" value="22.3.1,comint"/>
    <property name="env.SSH_AUTH_SOCK" value="/tmp/keyring-5OffhE/ssh"/>
    <property name="java.awt.graphicsenv" value="sun.awt.X11GraphicsEnvironment"/>
    <property name="os.arch" value="i386"/>
    <property name="java.ext.dirs" value="/usr/lib/jvm/java-6-sun-1.6.0.10/jre/lib/ext:/usr/java/packages/lib/ext"/>
    <property name="user.dir" value="/home/nathan/Development/Projects/scream"/>
    <property name="env.XAUTHORITY" value="/home/nathan/.Xauthority"/>
    <property name="line.separator" value="
"/>
    <property name="java.vm.name" value="Java HotSpot(TM) Server VM"/>
    <property name="env.EDITOR" value="emacs-22.3"/>
    <property name="basedir" value="/home/nathan/Development/Projects/scream"/>
    <property name="env.ORBIT_SOCKETDIR" value="/tmp/orbit-nathan"/>
    <property name="env.USERNAME" value="nathan"/>
    <property name="file.encoding" value="UTF-8"/>
    <property name="env.GNOME_KEYRING_SOCKET" value="/tmp/keyring-5OffhE/socket"/>
    <property name="env.GPG_AGENT_INFO" value="/tmp/seahorse-2zvtjM/S.gpg-agent:6143:1"/>
    <property name="java.specification.version" value="1.6"/>
    <property name="env.LESSCLOSE" value="/usr/bin/lesspipe %s %s"/>
  </properties>
  <testcase time="0.001" classname="org.nrh.DomainTest" name="org.nrh.DomainTest.testUnion"/>
  <testcase time="0.004" classname="org.nrh.DomainTest" name="org.nrh.DomainTest.testIntersection"/>
  <testcase time="0" classname="org.nrh.DomainTest" name="org.nrh.DomainTest.testEquality"/>
</testsuite>